# JRE version: OpenJDK Runtime Environment Temurin-16.0.2+7 (16.0.2+7) (build 16.0.2+7)
# Java VM: OpenJDK 64-Bit Server VM Temurin-16.0.2+7 (16.0.2+7, mixed mode, sharing, tiered, compressed oops, compressed class ptrs, g1 gc, bsd-amd64)
Heap:
 garbage-first heap   total 266240K, used 42223K [0x0000000700000000, 0x0000000800000000)
  region size 2048K, 19 young (38912K), 2 survivors (4096K)
 Metaspace       used 14947K, committed 15168K, reserved 1064960K
  class space    used 1381K, committed 1472K, reserved 1048576K
GC Heap History (6 events):
Event: 2.552 GC heap before
{Heap before GC invocations=0 (full 0):
 garbage-first heap   total 266240K, used 22504K [0x0000000700000000, 0x0000000800000000)
  region size 2048K, 11 young (22528K), 0 survivors (0K)
 Metaspace       used 13805K, committed 14016K, reserved 1064960K
  class space    used 1282K, committed 1408K, reserved 1048576K
}
Event: 2.566 GC heap after
{Heap after GC invocations=1 (full 0):
 garbage-first heap   total 266240K, used 5861K [0x0000000700000000, 0x0000000800000000)
  region size 2048K, 2 young (4096K), 2 survivors (4096K)
 Metaspace       used 13805K, committed 14016K, reserved 1064960K
  class space    used 1282K, committed 1408K, reserved 1048576K
}
Event: 3.029 GC heap before
{Heap before GC invocations=1 (full 0):
 garbage-first heap   total 266240K, used 40677K [0x0000000700000000, 0x0000000800000000)
  region size 2048K, 19 young (38912K), 2 survivors (4096K)
 Metaspace       used 14732K, committed 14976K, reserved 1064960K
  class space    used 1366K, committed 1472K, reserved 1048576K
}
Event: 3.037 GC heap after
{Heap after GC invocations=2 (full 0):
 garbage-first heap   total 266240K, used 11966K [0x0000000700000000, 0x0000000800000000)
  region size 2048K, 3 young (6144K), 3 survivors (6144K)
 Metaspace       used 14732K, committed 14976K, reserved 1064960K
  class space    used 1366K, committed 1472K, reserved 1048576K
}
Event: 3.348 GC heap before
{Heap before GC invocations=2 (full 0):
 garbage-first heap   total 266240K, used 63166K [0x0000000700000000, 0x0000000800000000)
  region size 2048K, 28 young (57344K), 3 survivors (6144K)
 Metaspace       used 14749K, committed 14976K, reserved 1064960K
  class space    used 1366K, committed 1472K, reserved 1048576K
}
Event: 3.349 GC heap after
{Heap after GC invocations=3 (full 0):
 garbage-first heap   total 266240K, used 9453K [0x0000000700000000, 0x0000000800000000)
  region size 2048K, 2 young (4096K), 2 survivors (4096K)
 Metaspace       used 14749K, committed 14976K, reserved 1064960K
  class space    used 1366K, committed 1472K, reserved 1048576K
}

